2024-06-16 14:51:02 info: the server started listining on port port 3000
2024-06-16 14:56:36 info: the server started listining on port port 3000
2024-06-16 14:56:46 info: the server started listining on port port 3000
2024-06-16 15:00:26 info: the server started listining on port port 3000
2024-06-16 15:02:11 info: the server started listining on port port 3000
2024-06-16 15:02:39 info: the server started listining on port port 3000
2024-06-16 15:07:11 info: the server started listining on port port 3000
2024-06-16 15:09:16 info: the server started listining on port port 3000
2024-06-16 15:10:02 info: the server started listining on port port 3000
2024-06-16 15:10:24 info: the server started listining on port port 3000
2024-06-16 15:18:14 info: the server started listining on port port 3000
2024-06-16 15:21:01 info: the server started listining on port port 3000
2024-06-16 15:24:37 info: the server started listining on port port 3000
2024-06-16 15:24:48 info: the server started listining on port port 3000
2024-06-16 15:27:01 info: the server started listining on port port 3000
2024-06-16 15:28:02 info: the server started listining on port port 3000
2024-06-16 15:31:00 info: the server started listining on port port 3000
2024-06-16 15:31:10 info: the server started listining on port port 3000
2024-06-16 15:34:30 info: a request has been made with the following uuid [e575671b-db19-4b87-8952-379d3c7d327e] /api/v1/login PostmanRuntime/7.37.0 {}
2024-06-16 15:36:57 info: a request has been made with the following uuid [85e063b2-b564-43a3-93a1-866eab65b5d3] /api/v1/login PostmanRuntime/7.37.0 {"email":"iamshankarbhandari@gmail.com","password":"12345"}
2024-06-16 15:41:59 info: the server started listining on port port 3000
2024-06-16 15:43:13 info: the server started listining on port port 3000
2024-06-16 15:44:50 info: the server started listining on port port 3000
2024-06-16 15:45:29 info: a request has been made with the following uuid [b5b74362-4d26-4e78-a304-0c41a5561adb] /api/v1/login PostmanRuntime/7.37.0 {"email":"iamshankarbhandari@gmail.com","password":"12345"}
2024-06-16 15:52:52 info: the server started listining on port port 3000
2024-06-16 15:53:05 info: the server started listining on port port 3000
2024-06-16 15:53:27 info: the server started listining on port port 3000
2024-06-16 16:06:36 info: stopping the server
2024-06-16 16:36:57 info: the server started listining on port port 3000
2024-06-16 16:39:24 info: the server started listining on port port 3000
2024-06-16 16:41:56 info: the server started listining on port port 3000
2024-06-16 16:43:42 info: the server started listining on port port 3000
2024-06-16 22:35:39 info: the server started listining on port port 3000
2024-06-16 22:35:50 info: a request has been made with the following uuid [ab6d9df4-0e44-485f-8ec8-fc0dfd2e94ee] /api/v1/login PostmanRuntime/7.37.0 {"email":"iamshankarbhandari@gmail.com","password":"12345"}
2024-06-16 22:35:50 error: error ,Error during processing request: http://localhost:3000/api/v1/login details message: Assignment to constant variable.
2024-06-16 22:36:39 info: the server started listining on port port 3000
2024-06-16 22:37:02 info: a request has been made with the following uuid [faa742a4-449c-4611-8260-ea7d62d685b9] /api/v1/login PostmanRuntime/7.37.0 {"email":"iamshankarbhandari@gmail.com","password":"12345"}
2024-06-16 22:37:02 error: error ,Error during processing request: http://localhost:3000/api/v1/login details message: Assignment to constant variable.
2024-06-16 22:37:58 info: the server started listining on port port 3000
2024-06-16 22:38:10 info: the server started listining on port port 3000
2024-06-16 22:38:15 info: a request has been made with the following uuid [6d3fc898-8e0f-4258-b284-906c2afb56f9] /api/v1/login PostmanRuntime/7.37.0 {"email":"iamshankarbhandari@gmail.com","password":"12345"}
2024-06-16 22:39:07 error: error ,Error during processing request: http://localhost:3000/api/v1/login details message: Assignment to constant variable.
2024-06-16 22:39:07 info: stopping the server
2024-06-16 22:39:10 info: the server started listining on port port 3000
2024-06-16 22:39:12 info: a request has been made with the following uuid [82c1627b-d914-48fb-8181-efc95ffa82eb] /api/v1/login PostmanRuntime/7.37.0 {"email":"iamshankarbhandari@gmail.com","password":"12345"}
2024-06-16 22:39:24 info: a request has been made and proccessed successfully at: Sun Jun 16 2024 22:39:24 GMT+0545 (Nepal Time)
2024-06-16 22:44:32 info: the server started listining on port port 3000
2024-06-16 22:44:35 info: a request has been made with the following uuid [55417f80-6bda-4e53-ac50-ec21bf058f19] /api/v1/login PostmanRuntime/7.37.0 {"email":"iamshankarbhandari@gmail.com","password":"12345"}
2024-06-16 22:44:44 info: a request has been made and proccessed successfully at: Sun Jun 16 2024 22:44:44 GMT+0545 (Nepal Time)
2024-06-16 22:50:39 info: a request has been made with the following uuid [4bb95398-5394-4f83-949a-a452ec27ba75] /api/v1/login PostmanRuntime/7.37.0 {"email":"iamshankarbhandari@gmail.com","password":"12345"}
2024-06-16 22:50:46 info: a request has been made and proccessed successfully at: Sun Jun 16 2024 22:50:46 GMT+0545 (Nepal Time)
2024-06-16 22:51:13 info: the server started listining on port port 3000
2024-06-16 22:57:25 info: the server started listining on port port 3000
2024-06-16 22:57:28 info: a request has been made with the following uuid [20e2a735-cd4c-4252-bd3a-27fcfa0cf450] /api/v1/login PostmanRuntime/7.37.0 {"email":"iamshankarbhandari@gmail.com","password":"12345"}
2024-06-16 22:58:30 info: the server started listining on port port 3000
2024-06-16 22:59:26 info: the server started listining on port port 3000
2024-06-16 22:59:29 info: a request has been made with the following uuid [60f36d42-d899-4168-aded-15244ce9d839] /api/v1/login PostmanRuntime/7.37.0 {"email":"iamshankarbhandari@gmail.com","password":"12345"}
2024-06-16 22:59:32 error: error ,Error during processing request: http://localhost:3000/api/v1/login details message: Cannot read properties of undefined (reading 'message')
2024-06-16 23:00:17 info: the server started listining on port port 3000
2024-06-16 23:00:26 info: the server started listining on port port 3000
2024-06-16 23:00:30 info: a request has been made with the following uuid [e60819d2-3f1b-4827-9e98-1006c30ae25c] /api/v1/login PostmanRuntime/7.37.0 {"email":"iamshankarbhandari@gmail.com","password":"12345"}
2024-06-16 23:00:45 error: error ,Error during processing request: http://localhost:3000/api/v1/login details message: Cannot read properties of undefined (reading 'message')
2024-06-16 23:02:03 info: the server started listining on port port 3000
2024-06-16 23:05:48 info: the server started listining on port port 3000
2024-06-16 23:05:51 info: a request has been made with the following uuid [bc05b087-47c7-42dc-8503-447679c051f0] /api/v1/login PostmanRuntime/7.37.0 {"email":"iamshankarbhandari@gmail.com","password":"12345"}
2024-06-16 23:05:58 info: a request has been made and proccessed successfully at: Sun Jun 16 2024 23:05:58 GMT+0545 (Nepal Time)
2024-06-16 23:07:46 info: the server started listining on port port 3000
2024-06-16 23:07:50 info: a request has been made with the following uuid [cc49b5c0-7607-400a-b5a3-e847ba7ca607] /api/v1/login PostmanRuntime/7.37.0 {"email":"iamshankarbhandari@gmail.com","password":"12345"}
2024-06-16 23:08:25 info: a request has been made and proccessed successfully at: Sun Jun 16 2024 23:08:25 GMT+0545 (Nepal Time)
2024-06-16 23:10:18 info: the server started listining on port port 3000
2024-06-16 23:15:51 info: the server started listining on port port 3000
2024-06-16 23:16:23 info: the server started listining on port port 3000
2024-06-16 23:16:26 info: a request has been made with the following uuid [3d5d3423-d0e0-4259-a333-a4102d25c439] /api/v1/login PostmanRuntime/7.37.0 {"email":"iamshankarbhandari@gmail.com","password":"12345"}
2024-06-16 23:16:32 error: error ,Error during processing request: http://localhost:3000/api/v1/login details message: User does not exist. Please SignUp first.
2024-06-16 23:21:35 info: the server started listining on port port 3000
2024-06-16 23:21:37 info: a request has been made with the following uuid [3c18a1ff-f4a0-4055-b648-3a0db83a1a8b] /api/v1/login PostmanRuntime/7.37.0 {"email":"iamshankarbhandari@gmail.com","password":"12345"}
2024-06-16 23:21:43 error: error ,Error during processing request: http://localhost:3000/api/v1/login details message: User does not exist. Please SignUp first.
2024-06-16 23:22:31 info: the server started listining on port port 3000
2024-06-16 23:22:33 info: a request has been made with the following uuid [e3bca97c-048d-45ef-bd7a-676f6f17345f] /api/v1/login PostmanRuntime/7.37.0 {"email":"iamshankarbhandari@gmail.com","password":"12345"}
2024-06-16 23:22:49 error: error ,Error during processing request: http://localhost:3000/api/v1/login details message: User does not exist. Please SignUp first.
2024-06-16 23:22:49 info: stopping the server
2024-06-16 23:24:24 info: the server started listining on port port 3000
2024-06-16 23:24:27 info: a request has been made with the following uuid [99962f5d-6748-45a4-b2c6-b5f4f0ba3475] /api/v1/login PostmanRuntime/7.37.0 {"email":"iamshankarbhandari@gmail.com","password":"12345"}
2024-06-16 23:24:33 error: error ,Error during processing request: http://localhost:3000/api/v1/login details message: User does not exist. Please SignUp first.
2024-06-16 23:24:54 info: a request has been made with the following uuid [9706b531-3b74-4695-8e71-c1f1185650b7] /api/v1/login PostmanRuntime/7.37.0 {"email":"iamshankarbhandari@gmail.com","password":"12345"}
2024-06-16 23:25:01 error: error ,Error during processing request: http://localhost:3000/api/v1/login details message: User does not exist. Please SignUp first.
2024-06-16 23:25:23 info: the server started listining on port port 3000
2024-06-16 23:25:41 info: a request has been made with the following uuid [a9fe10bc-2f49-400b-b120-552f9bb4a380] /api/v1/login PostmanRuntime/7.37.0 {"email":"iamshankarbhandari@gmail.com","password":"12345"}
2024-06-16 23:25:48 error: error ,Error during processing request: http://localhost:3000/api/v1/login details message: User does not exist. Please SignUp first.
2024-06-16 23:26:53 info: stopping the server
2024-06-16 23:27:32 info: the server started listining on port port 3000
2024-06-16 23:27:36 info: a request has been made with the following uuid [ffa27098-85ce-477e-bdd0-d92a822a71e8] /api/v1/login PostmanRuntime/7.37.0 {"email":null,"password":"12345"}
2024-06-16 23:27:36 error: error ,Error during processing request: http://localhost:3000/api/v1/login details message: User does not exist. Please SignUp first.
2024-06-16 23:38:30 info: the server started listining on port port 3000
